<?xml version="1.0" encoding="UTF-8"?>
<TestRun id="80bfe39c-eac6-4dc3-acb7-424a6aec9f77" name="Devlin@DEVLIN-LAPTOP 2011-03-27 12:30:17" runUser="Devlin-Laptop\Devlin" xmlns="http://microsoft.com/schemas/VisualStudio/TeamTest/2010">
  <TestSettings name="Default Test Settings" id="3b8dfe73-7117-4528-8132-51817f54938e">
    <Deployment runDeploymentRoot="Devlin_DEVLIN-LAPTOP 2011-03-27 12_30_17">
      <DeploymentItem filename="D:\Code\Fun\RoundTable\EventServer\EventServer.git\src\EventServer.Build\Dependancies\RhinoMocks\Rhino.Mocks.dll" />
      <DeploymentItem filename="D:\Code\Fun\RoundTable\EventServer\EventServer.git\src\EventServer.Build\Dependancies\MvcContrib\MvcContrib.TestHelper.dll" />
      <DeploymentItem filename="D:\Code\Fun\RoundTable\EventServer\EventServer.git\src\EventServer.Core\bin\Debug\EventServer.Core.dll" />
      <DeploymentItem filename="D:\Code\Fun\RoundTable\EventServer\EventServer.git\src\EventServer.Infrastructure\bin\Debug\EventServer.Infrastructure.dll" />
      <DeploymentItem filename="D:\Code\Fun\RoundTable\EventServer\EventServer.git\src\EventServer.UI\bin\EventServer.UI.dll" />
    </Deployment>
    <Execution>
      <TestTypeSpecific />
      <AgentRule name="Execution Agents">
      </AgentRule>
    </Execution>
  </TestSettings>
  <Times creation="2011-03-27T12:30:17.9102394-05:00" queuing="2011-03-27T12:30:18.9022961-05:00" start="2011-03-27T12:30:18.9482987-05:00" finish="2011-03-27T12:30:20.0393611-05:00" />
  <ResultSummary outcome="Failed">
    <Counters total="1" executed="1" error="0" failed="1" timeout="0" aborted="0" inconclusive="0" passedButRunAborted="0" notRunnable="0" notExecuted="0" disconnected="0" warning="0" passed="0" completed="0" inProgress="0" pending="0" />
  </ResultSummary>
  <TestDefinitions>
    <UnitTest name="Sessions_Return_With_A_Day_property_from_Model" storage="d:\code\fun\roundtable\eventserver\eventserver.git\src\eventserver.tests\bin\debug\eventserver.tests.dll" id="9ee52c2a-877f-d7b2-7b8f-e3db41930e3a">
      <Execution id="a14c58a1-2160-4357-b6ad-35c9e24d1ea2" />
      <TestMethod codeBase="D:\Code\Fun\RoundTable\EventServer\EventServer.git\src\EventServer.Tests\bin\Debug\EventServer.Tests.dll" adapterTypeName="Microsoft.VisualStudio.TestTools.TestTypes.Unit.UnitTestAdapter, Microsoft.VisualStudio.QualityTools.Tips.UnitTest.Adapter, Version=10.0.0.0, Culture=neutral, PublicKeyToken=b03f5f7f11d50a3a" className="EventServer.Tests.Controllers.AdminControllerTests, EventServer.Tests" name="Sessions_Return_With_A_Day_property_from_Model" />
    </UnitTest>
  </TestDefinitions>
  <TestLists>
    <TestList name="Results Not in a List" id="8c84fa94-04c1-424b-9868-57a2d4851a1d" />
    <TestList name="All Loaded Results" id="19431567-8539-422a-85d7-44ee4e166bda" />
  </TestLists>
  <TestEntries>
    <TestEntry testId="9ee52c2a-877f-d7b2-7b8f-e3db41930e3a" executionId="a14c58a1-2160-4357-b6ad-35c9e24d1ea2" testListId="8c84fa94-04c1-424b-9868-57a2d4851a1d" />
  </TestEntries>
  <Results>
    <UnitTestResult executionId="a14c58a1-2160-4357-b6ad-35c9e24d1ea2" testId="9ee52c2a-877f-d7b2-7b8f-e3db41930e3a" testName="Sessions_Return_With_A_Day_property_from_Model" computerName="DEVLIN-LAPTOP" duration="00:00:00.4256598" startTime="2011-03-27T12:30:18.9592994-05:00" endTime="2011-03-27T12:30:19.8543506-05:00" testType="13cdc9d9-ddb5-4fa4-a97d-d965ccfc6d4b" outcome="Failed" testListId="8c84fa94-04c1-424b-9868-57a2d4851a1d" relativeResultsDirectory="a14c58a1-2160-4357-b6ad-35c9e24d1ea2">
      <Output>
        <ErrorInfo>
          <Message>Assert.AreEqual failed. Expected:&lt;1&gt;. Actual:&lt;0&gt;. </Message>
          <StackTrace>   at EventServer.Tests.Controllers.AdminControllerTests.Sessions_Return_With_A_Day_property_from_Model() in D:\Code\Fun\RoundTable\EventServer\EventServer.git\src\EventServer.Tests\Controllers\AdminControllerTests.cs:line 55
</StackTrace>
        </ErrorInfo>
      </Output>
    </UnitTestResult>
  </Results>
</TestRun>